2
1100 100
2
567 336
433 164
201
100 100
2
0 0 0 33 249 0
1 0 0 946 100 0
100 100
2
0 0 0 106 233 0
1 0 0 874 123 0
100 100
2
0 0 0 179 217 0
1 0 0 802 147 0
100 100
2
0 0 0 252 201 0
1 0 0 731 171 0
100 100
2
0 0 0 325 185 0
1 0 0 660 195 0
100 100
2
0 0 0 398 170 0
1 0 0 589 219 0
100 100
2
0 0 0 433 164 10
1 0 0 518 243 0
100 100
2
0 0 0 433 164 20
1 0 0 500 250 0
100 100
2
0 0 0 433 164 30
1 0 0 500 250 0
100 100
2
0 0 0 433 164 40
1 0 0 500 250 0
100 100
2
0 0 0 433 164 50
1 0 0 500 250 0
100 100
2
0 0 0 433 164 60
1 0 0 500 250 0
100 100
2
0 0 0 433 164 70
1 0 0 500 250 0
100 100
2
0 0 0 433 164 80
1 0 0 500 250 0
100 100
2
0 0 0 433 164 90
1 0 0 500 250 0
100 100
2
0 0 0 433 164 100
1 0 0 500 250 0
100 100
2
0 0 0 359 180 100
1 0 0 500 250 0
100 100
2
0 0 0 285 196 100
1 0 0 500 250 0
100 100
2
0 0 0 211 212 100
1 0 0 500 250 0
100 100
2
0 0 0 138 229 100
1 0 0 500 250 0
200 100
2
0 0 0 65 246 0
1 0 0 500 250 0
200 100
2
0 0 0 138 229 0
1 0 0 500 250 0
200 100
2
0 0 0 211 212 0
1 0 0 500 250 0
200 100
2
0 0 0 284 196 0
1 0 0 500 250 0
200 100
2
0 0 0 357 180 0
1 0 0 500 250 0
200 100
2
0 0 0 430 164 10
1 0 0 500 250 0
200 100
2
0 0 0 433 164 20
1 0 0 500 250 0
200 100
2
0 0 0 433 164 30
1 0 0 500 250 0
200 100
2
0 0 0 433 164 40
1 0 0 500 250 0
200 100
2
0 0 0 433 164 50
1 0 0 500 250 0
200 100
2
0 0 0 433 164 60
1 0 0 500 250 0
200 100
2
0 0 0 433 164 70
1 0 0 500 250 0
200 100
2
0 0 0 433 164 80
1 0 0 500 250 0
200 100
2
0 0 0 433 164 90
1 0 0 500 250 0
200 100
2
0 0 0 433 164 100
1 0 0 500 250 0
200 100
2
0 0 0 359 180 100
1 0 0 500 250 0
200 100
2
0 0 0 285 196 100
1 0 0 500 250 0
200 100
2
0 0 0 211 212 100
1 0 0 500 250 0
200 100
2
0 0 0 138 229 100
1 0 0 500 250 0
300 100
2
0 0 0 65 246 0
1 0 0 500 250 0
300 100
2
0 0 0 138 229 0
1 0 0 500 250 0
300 100
2
0 0 0 211 212 0
1 0 0 500 250 0
300 100
2
0 0 0 284 196 0
1 0 0 500 250 0
300 100
2
0 0 0 357 180 0
1 0 0 500 250 0
300 100
2
0 0 0 430 164 10
1 0 0 500 250 0
300 100
2
0 0 0 433 164 20
1 0 0 500 250 0
300 100
2
0 0 0 433 164 30
1 0 0 500 250 0
300 100
2
0 0 0 433 164 40
1 0 0 500 250 0
300 100
2
0 0 0 433 164 50
1 0 0 500 250 0
300 100
2
0 0 0 433 164 60
1 0 0 500 250 0
300 100
2
0 0 0 433 164 70
1 0 0 500 250 0
300 100
2
0 0 0 433 164 80
1 0 0 500 250 0
300 100
2
0 0 0 433 164 90
1 0 0 500 250 0
300 100
2
0 0 0 433 164 100
1 0 0 500 250 0
300 100
2
0 0 0 359 180 100
1 0 0 500 250 0
300 100
2
0 0 0 285 196 100
1 0 0 500 250 0
300 100
2
0 0 0 211 212 100
1 0 0 500 250 0
300 100
2
0 0 0 138 229 100
1 0 0 500 250 0
400 100
2
0 0 0 65 246 0
1 0 0 500 250 0
400 100
2
0 0 0 138 229 0
1 0 0 500 250 0
400 100
2
0 0 0 211 212 0
1 0 0 500 250 0
400 100
2
0 0 0 284 196 0
1 0 0 500 250 0
400 100
2
0 0 0 357 180 0
1 0 0 500 250 0
400 100
2
0 0 0 430 164 10
1 0 0 500 250 0
400 100
2
0 0 0 433 164 20
1 0 0 500 250 0
400 100
2
0 0 0 433 164 30
1 0 0 500 250 0
400 100
2
0 0 0 433 164 40
1 0 0 500 250 0
400 100
2
0 0 0 433 164 50
1 0 0 500 250 0
400 100
2
0 0 0 433 164 60
1 0 0 500 250 0
400 100
2
0 0 0 433 164 70
1 0 0 500 250 0
400 100
2
0 0 0 433 164 80
1 0 0 500 250 0
400 100
2
0 0 0 433 164 90
1 0 0 500 250 0
400 100
2
0 0 0 433 164 100
1 0 0 500 250 0
400 100
2
0 0 0 359 180 100
1 0 0 500 250 0
400 100
2
0 0 0 285 196 100
1 0 0 500 250 0
400 100
2
0 0 0 211 212 100
1 0 0 500 250 0
400 100
2
0 0 0 138 229 100
1 0 0 500 250 0
500 100
2
0 0 0 65 246 0
1 0 0 500 250 0
500 100
2
0 0 0 138 229 0
1 0 0 500 250 0
500 100
2
0 0 0 211 212 0
1 0 0 500 250 0
500 100
2
0 0 0 284 196 0
1 0 0 500 250 0
500 100
2
0 0 0 357 180 0
1 0 0 500 250 0
500 100
2
0 0 0 430 164 10
1 0 0 500 250 0
500 100
2
0 0 0 433 164 20
1 0 0 500 250 0
500 100
2
0 0 0 433 164 30
1 0 0 500 250 0
500 100
2
0 0 0 433 164 40
1 0 0 500 250 0
500 100
2
0 0 0 433 164 50
1 0 0 500 250 0
500 100
2
0 0 0 433 164 60
1 0 0 500 250 0
500 100
2
0 0 0 433 164 70
1 0 0 500 250 0
500 100
2
0 0 0 433 164 80
1 0 0 500 250 0
500 100
2
0 0 0 433 164 90
1 0 0 500 250 0
500 100
2
0 0 0 433 164 100
1 0 0 500 250 0
500 100
2
0 0 0 359 180 100
1 0 0 500 250 0
500 100
2
0 0 0 285 196 100
1 0 0 500 250 0
500 100
2
0 0 0 211 212 100
1 0 0 500 250 0
500 100
2
0 0 0 138 229 100
1 0 0 500 250 0
600 100
2
0 0 0 65 246 0
1 0 0 500 250 0
600 100
2
0 0 0 138 229 0
1 0 0 500 250 0
600 100
2
0 0 0 211 212 0
1 0 0 500 250 0
600 100
2
0 0 0 284 196 0
1 0 0 500 250 0
600 100
2
0 0 0 357 180 0
1 0 0 500 250 0
600 100
2
0 0 0 430 164 10
1 0 0 500 250 0
600 100
2
0 0 0 433 164 20
1 0 0 500 250 0
600 100
2
0 0 0 433 164 30
1 0 0 500 250 0
600 100
2
0 0 0 433 164 40
1 0 0 500 250 0
600 100
2
0 0 0 433 164 50
1 0 0 500 250 0
600 100
2
0 0 0 433 164 60
1 0 0 500 250 0
600 100
2
0 0 0 433 164 70
1 0 0 500 250 0
600 100
2
0 0 0 433 164 80
1 0 0 500 250 0
600 100
2
0 0 0 433 164 90
1 0 0 500 250 0
600 100
2
0 0 0 433 164 100
1 0 0 500 250 0
600 100
2
0 0 0 359 180 100
1 0 0 500 250 0
600 100
2
0 0 0 285 196 100
1 0 0 500 250 0
600 100
2
0 0 0 211 212 100
1 0 0 500 250 0
600 100
2
0 0 0 138 229 100
1 0 0 500 250 0
700 100
2
0 0 0 65 246 0
1 0 0 500 250 0
700 100
2
0 0 0 138 229 0
1 0 0 500 250 0
700 100
2
0 0 0 211 212 0
1 0 0 500 250 0
700 100
2
0 0 0 284 196 0
1 0 0 500 250 0
700 100
2
0 0 0 357 180 0
1 0 0 500 250 0
700 100
2
0 0 0 430 164 10
1 0 0 500 250 0
700 100
2
0 0 0 433 164 20
1 0 0 500 250 0
700 100
2
0 0 0 433 164 30
1 0 0 500 250 0
700 100
2
0 0 0 433 164 40
1 0 0 500 250 0
700 100
2
0 0 0 433 164 50
1 0 0 500 250 0
700 100
2
0 0 0 433 164 60
1 0 0 500 250 0
700 100
2
0 0 0 433 164 70
1 0 0 500 250 0
700 100
2
0 0 0 433 164 80
1 0 0 500 250 0
700 100
2
0 0 0 433 164 90
1 0 0 500 250 0
700 100
2
0 0 0 433 164 100
1 0 0 500 250 0
700 100
2
0 0 0 359 180 100
1 0 0 500 250 0
700 100
2
0 0 0 285 196 100
1 0 0 500 250 0
700 100
2
0 0 0 211 212 100
1 0 0 500 250 0
700 100
2
0 0 0 138 229 100
1 0 0 500 250 0
800 100
2
0 0 0 65 246 0
1 0 0 500 250 0
800 100
2
0 0 0 138 229 0
1 0 0 500 250 0
800 100
2
0 0 0 211 212 0
1 0 0 500 250 0
800 100
2
0 0 0 284 196 0
1 0 0 500 250 0
800 100
2
0 0 0 357 180 0
1 0 0 500 250 0
800 100
2
0 0 0 430 164 10
1 0 0 500 250 0
800 100
2
0 0 0 433 164 20
1 0 0 500 250 0
800 100
2
0 0 0 433 164 30
1 0 0 500 250 0
800 100
2
0 0 0 433 164 40
1 0 0 500 250 0
800 100
2
0 0 0 433 164 50
1 0 0 500 250 0
800 100
2
0 0 0 433 164 60
1 0 0 500 250 0
800 100
2
0 0 0 433 164 70
1 0 0 500 250 0
800 100
2
0 0 0 433 164 80
1 0 0 500 250 0
800 100
2
0 0 0 433 164 90
1 0 0 500 250 0
800 100
2
0 0 0 433 164 100
1 0 0 500 250 0
800 100
2
0 0 0 359 180 100
1 0 0 500 250 0
800 100
2
0 0 0 285 196 100
1 0 0 500 250 0
800 100
2
0 0 0 211 212 100
1 0 0 500 250 0
800 100
2
0 0 0 138 229 100
1 0 0 500 250 0
900 100
2
0 0 0 65 246 0
1 0 0 500 250 0
900 100
2
0 0 0 138 229 0
1 0 0 500 250 0
900 100
2
0 0 0 211 212 0
1 0 0 500 250 0
900 100
2
0 0 0 284 196 0
1 0 0 500 250 0
900 100
2
0 0 0 357 180 0
1 0 0 500 250 0
900 100
2
0 0 0 430 164 10
1 0 0 500 250 0
900 100
2
0 0 0 433 164 20
1 0 0 500 250 0
900 100
2
0 0 0 433 164 30
1 0 0 500 250 0
900 100
2
0 0 0 433 164 40
1 0 0 500 250 0
900 100
2
0 0 0 433 164 50
1 0 0 500 250 0
900 100
2
0 0 0 433 164 60
1 0 0 500 250 0
900 100
2
0 0 0 433 164 70
1 0 0 500 250 0
900 100
2
0 0 0 433 164 80
1 0 0 500 250 0
900 100
2
0 0 0 433 164 90
1 0 0 500 250 0
900 100
2
0 0 0 433 164 100
1 0 0 500 250 0
900 100
2
0 0 0 359 180 100
1 0 0 500 250 0
900 100
2
0 0 0 285 196 100
1 0 0 500 250 0
900 100
2
0 0 0 211 212 100
1 0 0 500 250 0
900 100
2
0 0 0 138 229 100
1 0 0 500 250 0
1000 100
2
0 0 0 65 246 0
1 0 0 500 250 0
1000 100
2
0 0 0 138 229 0
1 0 0 500 250 0
1000 100
2
0 0 0 211 212 0
1 0 0 500 250 0
1000 100
2
0 0 0 284 196 0
1 0 0 500 250 0
1000 100
2
0 0 0 357 180 0
1 0 0 500 250 0
1000 100
2
0 0 0 430 164 10
1 0 0 500 250 0
1000 100
2
0 0 0 433 164 20
1 0 0 500 250 0
1000 100
2
0 0 0 433 164 30
1 0 0 500 250 0
1000 100
2
0 0 0 433 164 40
1 0 0 500 250 0
1000 100
2
0 0 0 433 164 50
1 0 0 500 250 0
1000 100
2
0 0 0 433 164 60
1 0 0 500 250 0
1000 100
2
0 0 0 433 164 70
1 0 0 500 250 0
1000 100
2
0 0 0 433 164 80
1 0 0 500 250 0
1000 100
2
0 0 0 433 164 90
1 0 0 500 250 0
1000 100
2
0 0 0 433 164 100
1 0 0 500 250 0
1000 100
2
0 0 0 359 180 100
1 0 0 500 250 0
1000 100
2
0 0 0 285 196 100
1 0 0 500 250 0
1000 100
2
0 0 0 211 212 100
1 0 0 500 250 0
1000 100
2
0 0 0 138 229 100
1 0 0 500 250 0
1100 100
2
0 0 0 65 246 0
1 0 0 500 250 0
1100 100
2
0 0 0 138 229 0
1 0 0 500 250 0
1100 100
2
0 0 0 211 212 0
1 0 0 500 250 0
1100 100
2
0 0 0 284 196 0
1 0 0 500 250 0
1100 100
2
0 0 0 357 180 0
1 0 0 500 250 0
1100 100
2
0 0 0 430 164 10
1 0 0 500 250 0
1100 100
2
0 0 0 433 164 20
1 0 0 500 250 0
1100 100
2
0 0 0 433 164 30
1 0 0 500 250 0
1100 100
2
0 0 0 433 164 40
1 0 0 500 250 0
1100 100
2
0 0 0 433 164 50
1 0 0 500 250 0
